KT362046|borI_Thr-tRNA-syn|45548|45969|57935|59962|cluster-1|t1pks|1-63657|11966	KT362046|borI_Thr-tRNA-syn|45548|45969|57935|59962|cluster-1|t1pks|1-63657|11966	1	421	421	421	421	0.0
KT362046|borI_Thr-tRNA-syn|45548|45969|57935|59962|cluster-1|t1pks|1-63657|11966	AJ871581|rubR1_TIF|8427|8852|4268|4492|cluster-1|aminocoumarin-t1pks-nrps|1-105657|3935	1	423	280	421	425	0.0
KT362046|borI_Thr-tRNA-syn|45548|45969|57935|59962|cluster-1|t1pks|1-63657|11966	KQ949024|SalI_beta_proteasome|658027|658446|664301|665146|cluster-6|transatpks-t1pks-nrps|607929-695233|5855	1	418	213	421	419	3e-127
KT362046|borI_Thr-tRNA-syn|45548|45969|57935|59962|cluster-1|t1pks|1-63657|11966	KP830094|SalI_beta_proteasome|17001|17415|25854|26708|cluster-1|t1pks-nrps|1-37516|8439	1	414	184	421	414	4e-94
KT362046|borI_Thr-tRNA-syn|45548|45969|57935|59962|cluster-1|t1pks|1-63657|11966	KF647220|SalI_beta_proteasome|13459|13876|2040|2897|cluster-1|t1pks-nrps|1-25783|10562	1	414	175	421	417	2e-91
KT362046|borI_Thr-tRNA-syn|45548|45969|57935|59962|cluster-1|t1pks|1-63657|11966	FN689524|mupM_Ile-tRNA-syn|21295|21726|16377|19523|cluster-1|nrps-transatpks-otherks|1265-97600|1772	1	431	143	421	431	5e-74
KT362046|borI_Thr-tRNA-syn|45548|45969|57935|59962|cluster-1|t1pks|1-63657|11966	JPRX01000001|mupM_Ile-tRNA-syn|1126232|1126663|1122028|1125120|cluster-1|hserlactone-transatpks-otherks|1085078-1198411|1112	1	429	156	421	431	1e-72
KT362046|borI_Thr-tRNA-syn|45548|45969|57935|59962|cluster-1|t1pks|1-63657|11966	CP000667|SalI_beta_proteasome|1151298|1151717|1144517|1145353|cluster-1|transatpks-t1pks-nrps|1131285-1181131|5945	1	419	146	421	419	2e-63
KT362046|borI_Thr-tRNA-syn|45548|45969|57935|59962|cluster-1|t1pks|1-63657|11966	JXDG01000003|BatG_FabI|331023|331246|336894|338084|cluster-1|transatpks-otherks-nrps|264229-352095|5648	2	220	75	421	223	6e-23
KT362046|borI_Thr-tRNA-syn|45548|45969|57935|59962|cluster-1|t1pks|1-63657|11966	KE354369|PtmP3_FabB-F|27540|27879|27505|28638|cluster-1|t1pks-nrps|1-31725|374	82	339	81	421	339	3e-14
KT362046|borI_Thr-tRNA-syn|45548|45969|57935|59962|cluster-1|t1pks|1-63657|11966	KB913022|PtmP3_FabB-F|4662651|4662992|4662589|4663809|cluster-1|t1pks-nrps|4629292-4679066|403	83	341	83	421	341	3e-14
JPRX01000001|mupM_Ile-tRNA-syn|1126232|1126663|1122028|1125120|cluster-1|hserlactone-transatpks-otherks|1085078-1198411|1112	JPRX01000001|mupM_Ile-tRNA-syn|1126232|1126663|1122028|1125120|cluster-1|hserlactone-transatpks-otherks|1085078-1198411|1112	1	431	431	431	431	0.0
JPRX01000001|mupM_Ile-tRNA-syn|1126232|1126663|1122028|1125120|cluster-1|hserlactone-transatpks-otherks|1085078-1198411|1112	KQ949024|SalI_beta_proteasome|658027|658446|664301|665146|cluster-6|transatpks-t1pks-nrps|607929-695233|5855	1	417	170	431	419	3e-88
JPRX01000001|mupM_Ile-tRNA-syn|1126232|1126663|1122028|1125120|cluster-1|hserlactone-transatpks-otherks|1085078-1198411|1112	FN689524|mupM_Ile-tRNA-syn|21295|21726|16377|19523|cluster-1|nrps-transatpks-otherks|1265-97600|1772	1	431	148	431	431	1e-81
JPRX01000001|mupM_Ile-tRNA-syn|1126232|1126663|1122028|1125120|cluster-1|hserlactone-transatpks-otherks|1085078-1198411|1112	AJ871581|rubR1_TIF|8427|8852|4268|4492|cluster-1|aminocoumarin-t1pks-nrps|1-105657|3935	1	422	147	431	425	2e-71
JPRX01000001|mupM_Ile-tRNA-syn|1126232|1126663|1122028|1125120|cluster-1|hserlactone-transatpks-otherks|1085078-1198411|1112	KF647220|SalI_beta_proteasome|13459|13876|2040|2897|cluster-1|t1pks-nrps|1-25783|10562	1	415	138	431	417	3e-66
JPRX01000001|mupM_Ile-tRNA-syn|1126232|1126663|1122028|1125120|cluster-1|hserlactone-transatpks-otherks|1085078-1198411|1112	KT362046|borI_Thr-tRNA-syn|45548|45969|57935|59962|cluster-1|t1pks|1-63657|11966	1	419	153	431	421	4e-63
JPRX01000001|mupM_Ile-tRNA-syn|1126232|1126663|1122028|1125120|cluster-1|hserlactone-transatpks-otherks|1085078-1198411|1112	KP830094|SalI_beta_proteasome|17001|17415|25854|26708|cluster-1|t1pks-nrps|1-37516|8439	1	411	144	431	414	1e-59
JPRX01000001|mupM_Ile-tRNA-syn|1126232|1126663|1122028|1125120|cluster-1|hserlactone-transatpks-otherks|1085078-1198411|1112	CP000667|SalI_beta_proteasome|1151298|1151717|1144517|1145353|cluster-1|transatpks-t1pks-nrps|1131285-1181131|5945	1	417	124	431	419	4e-51
JPRX01000001|mupM_Ile-tRNA-syn|1126232|1126663|1122028|1125120|cluster-1|hserlactone-transatpks-otherks|1085078-1198411|1112	JXDG01000003|BatG_FabI|331023|331246|336894|338084|cluster-1|transatpks-otherks-nrps|264229-352095|5648	81	222	42	431	223	5e-09
JPRX01000001|mupM_Ile-tRNA-syn|1126232|1126663|1122028|1125120|cluster-1|hserlactone-transatpks-otherks|1085078-1198411|1112	KB913022|PtmP3_FabB-F|4662651|4662992|4662589|4663809|cluster-1|t1pks-nrps|4629292-4679066|403	2	311	79	431	341	2e-08
JPRX01000001|mupM_Ile-tRNA-syn|1126232|1126663|1122028|1125120|cluster-1|hserlactone-transatpks-otherks|1085078-1198411|1112	KE354369|PtmP3_FabB-F|27540|27879|27505|28638|cluster-1|t1pks-nrps|1-31725|374	4	177	41	431	339	4e-05
KE354369|PtmP3_FabB-F|27540|27879|27505|28638|cluster-1|t1pks-nrps|1-31725|374	KE354369|PtmP3_FabB-F|27540|27879|27505|28638|cluster-1|t1pks-nrps|1-31725|374	1	339	339	339	339	0.0
KE354369|PtmP3_FabB-F|27540|27879|27505|28638|cluster-1|t1pks-nrps|1-31725|374	KB913022|PtmP3_FabB-F|4662651|4662992|4662589|4663809|cluster-1|t1pks-nrps|4629292-4679066|403	3	341	267	339	341	2e-176
KE354369|PtmP3_FabB-F|27540|27879|27505|28638|cluster-1|t1pks-nrps|1-31725|374	KQ949024|SalI_beta_proteasome|658027|658446|664301|665146|cluster-6|transatpks-t1pks-nrps|607929-695233|5855	73	415	105	339	419	4e-29
KE354369|PtmP3_FabB-F|27540|27879|27505|28638|cluster-1|t1pks-nrps|1-31725|374	AJ871581|rubR1_TIF|8427|8852|4268|4492|cluster-1|aminocoumarin-t1pks-nrps|1-105657|3935	153	420	80	339	425	2e-20
KE354369|PtmP3_FabB-F|27540|27879|27505|28638|cluster-1|t1pks-nrps|1-31725|374	KF647220|SalI_beta_proteasome|13459|13876|2040|2897|cluster-1|t1pks-nrps|1-25783|10562	145	413	89	339	417	1e-19
KE354369|PtmP3_FabB-F|27540|27879|27505|28638|cluster-1|t1pks-nrps|1-31725|374	KP830094|SalI_beta_proteasome|17001|17415|25854|26708|cluster-1|t1pks-nrps|1-37516|8439	73	411	102	339	414	2e-19
KE354369|PtmP3_FabB-F|27540|27879|27505|28638|cluster-1|t1pks-nrps|1-31725|374	JXDG01000003|BatG_FabI|331023|331246|336894|338084|cluster-1|transatpks-otherks-nrps|264229-352095|5648	2	217	65	339	223	1e-18
KE354369|PtmP3_FabB-F|27540|27879|27505|28638|cluster-1|t1pks-nrps|1-31725|374	CP000667|SalI_beta_proteasome|1151298|1151717|1144517|1145353|cluster-1|transatpks-t1pks-nrps|1131285-1181131|5945	83	416	100	339	419	1e-13
KE354369|PtmP3_FabB-F|27540|27879|27505|28638|cluster-1|t1pks-nrps|1-31725|374	KT362046|borI_Thr-tRNA-syn|45548|45969|57935|59962|cluster-1|t1pks|1-63657|11966	149	418	79	339	421	3e-13
KE354369|PtmP3_FabB-F|27540|27879|27505|28638|cluster-1|t1pks-nrps|1-31725|374	FN689524|mupM_Ile-tRNA-syn|21295|21726|16377|19523|cluster-1|nrps-transatpks-otherks|1265-97600|1772	172	429	60	339	431	1e-09
KE354369|PtmP3_FabB-F|27540|27879|27505|28638|cluster-1|t1pks-nrps|1-31725|374	JPRX01000001|mupM_Ile-tRNA-syn|1126232|1126663|1122028|1125120|cluster-1|hserlactone-transatpks-otherks|1085078-1198411|1112	79	381	72	339	431	8e-08
AJ871581|rubR1_TIF|8427|8852|4268|4492|cluster-1|aminocoumarin-t1pks-nrps|1-105657|3935	AJ871581|rubR1_TIF|8427|8852|4268|4492|cluster-1|aminocoumarin-t1pks-nrps|1-105657|3935	1	425	425	425	425	0.0
AJ871581|rubR1_TIF|8427|8852|4268|4492|cluster-1|aminocoumarin-t1pks-nrps|1-105657|3935	KT362046|borI_Thr-tRNA-syn|45548|45969|57935|59962|cluster-1|t1pks|1-63657|11966	1	420	280	425	421	3e-174
AJ871581|rubR1_TIF|8427|8852|4268|4492|cluster-1|aminocoumarin-t1pks-nrps|1-105657|3935	KQ949024|SalI_beta_proteasome|658027|658446|664301|665146|cluster-6|transatpks-t1pks-nrps|607929-695233|5855	1	418	203	425	419	1e-122
AJ871581|rubR1_TIF|8427|8852|4268|4492|cluster-1|aminocoumarin-t1pks-nrps|1-105657|3935	KF647220|SalI_beta_proteasome|13459|13876|2040|2897|cluster-1|t1pks-nrps|1-25783|10562	1	417	178	425	417	2e-93
AJ871581|rubR1_TIF|8427|8852|4268|4492|cluster-1|aminocoumarin-t1pks-nrps|1-105657|3935	KP830094|SalI_beta_proteasome|17001|17415|25854|26708|cluster-1|t1pks-nrps|1-37516|8439	1	411	175	425	414	1e-88
AJ871581|rubR1_TIF|8427|8852|4268|4492|cluster-1|aminocoumarin-t1pks-nrps|1-105657|3935	JPRX01000001|mupM_Ile-tRNA-syn|1126232|1126663|1122028|1125120|cluster-1|hserlactone-transatpks-otherks|1085078-1198411|1112	1	429	147	425	431	2e-71
AJ871581|rubR1_TIF|8427|8852|4268|4492|cluster-1|aminocoumarin-t1pks-nrps|1-105657|3935	FN689524|mupM_Ile-tRNA-syn|21295|21726|16377|19523|cluster-1|nrps-transatpks-otherks|1265-97600|1772	1	431	134	425	431	1e-66
AJ871581|rubR1_TIF|8427|8852|4268|4492|cluster-1|aminocoumarin-t1pks-nrps|1-105657|3935	CP000667|SalI_beta_proteasome|1151298|1151717|1144517|1145353|cluster-1|transatpks-t1pks-nrps|1131285-1181131|5945	1	418	132	425	419	4e-57
AJ871581|rubR1_TIF|8427|8852|4268|4492|cluster-1|aminocoumarin-t1pks-nrps|1-105657|3935	JXDG01000003|BatG_FabI|331023|331246|336894|338084|cluster-1|transatpks-otherks-nrps|264229-352095|5648	2	220	70	425	223	3e-20
AJ871581|rubR1_TIF|8427|8852|4268|4492|cluster-1|aminocoumarin-t1pks-nrps|1-105657|3935	KE354369|PtmP3_FabB-F|27540|27879|27505|28638|cluster-1|t1pks-nrps|1-31725|374	4	338	94	425	339	1e-13
AJ871581|rubR1_TIF|8427|8852|4268|4492|cluster-1|aminocoumarin-t1pks-nrps|1-105657|3935	KB913022|PtmP3_FabB-F|4662651|4662992|4662589|4663809|cluster-1|t1pks-nrps|4629292-4679066|403	2	341	104	425	341	2e-13
KQ949024|SalI_beta_proteasome|658027|658446|664301|665146|cluster-6|transatpks-t1pks-nrps|607929-695233|5855	KQ949024|SalI_beta_proteasome|658027|658446|664301|665146|cluster-6|transatpks-t1pks-nrps|607929-695233|5855	1	419	419	419	419	0.0
KQ949024|SalI_beta_proteasome|658027|658446|664301|665146|cluster-6|transatpks-t1pks-nrps|607929-695233|5855	AJ871581|rubR1_TIF|8427|8852|4268|4492|cluster-1|aminocoumarin-t1pks-nrps|1-105657|3935	1	423	203	419	425	1e-122
KQ949024|SalI_beta_proteasome|658027|658446|664301|665146|cluster-6|transatpks-t1pks-nrps|607929-695233|5855	KT362046|borI_Thr-tRNA-syn|45548|45969|57935|59962|cluster-1|t1pks|1-63657|11966	1	420	213	419	421	4e-112
KQ949024|SalI_beta_proteasome|658027|658446|664301|665146|cluster-6|transatpks-t1pks-nrps|607929-695233|5855	KF647220|SalI_beta_proteasome|13459|13876|2040|2897|cluster-1|t1pks-nrps|1-25783|10562	1	415	178	419	417	1e-88
KQ949024|SalI_beta_proteasome|658027|658446|664301|665146|cluster-6|transatpks-t1pks-nrps|607929-695233|5855	JPRX01000001|mupM_Ile-tRNA-syn|1126232|1126663|1122028|1125120|cluster-1|hserlactone-transatpks-otherks|1085078-1198411|1112	1	429	170	419	431	3e-88
KQ949024|SalI_beta_proteasome|658027|658446|664301|665146|cluster-6|transatpks-t1pks-nrps|607929-695233|5855	KP830094|SalI_beta_proteasome|17001|17415|25854|26708|cluster-1|t1pks-nrps|1-37516|8439	1	410	177	419	414	5e-86
KQ949024|SalI_beta_proteasome|658027|658446|664301|665146|cluster-6|transatpks-t1pks-nrps|607929-695233|5855	FN689524|mupM_Ile-tRNA-syn|21295|21726|16377|19523|cluster-1|nrps-transatpks-otherks|1265-97600|1772	1	431	142	419	431	2e-77
KQ949024|SalI_beta_proteasome|658027|658446|664301|665146|cluster-6|transatpks-t1pks-nrps|607929-695233|5855	CP000667|SalI_beta_proteasome|1151298|1151717|1144517|1145353|cluster-1|transatpks-t1pks-nrps|1131285-1181131|5945	1	418	158	419	419	5e-72
KQ949024|SalI_beta_proteasome|658027|658446|664301|665146|cluster-6|transatpks-t1pks-nrps|607929-695233|5855	KE354369|PtmP3_FabB-F|27540|27879|27505|28638|cluster-1|t1pks-nrps|1-31725|374	4	338	105	419	339	2e-23
KQ949024|SalI_beta_proteasome|658027|658446|664301|665146|cluster-6|transatpks-t1pks-nrps|607929-695233|5855	KB913022|PtmP3_FabB-F|4662651|4662992|4662589|4663809|cluster-1|t1pks-nrps|4629292-4679066|403	2	340	105	419	341	1e-19
KQ949024|SalI_beta_proteasome|658027|658446|664301|665146|cluster-6|transatpks-t1pks-nrps|607929-695233|5855	JXDG01000003|BatG_FabI|331023|331246|336894|338084|cluster-1|transatpks-otherks-nrps|264229-352095|5648	2	220	66	419	223	5e-17
KP830094|SalI_beta_proteasome|17001|17415|25854|26708|cluster-1|t1pks-nrps|1-37516|8439	KP830094|SalI_beta_proteasome|17001|17415|25854|26708|cluster-1|t1pks-nrps|1-37516|8439	1	414	414	414	414	0.0
KP830094|SalI_beta_proteasome|17001|17415|25854|26708|cluster-1|t1pks-nrps|1-37516|8439	KF647220|SalI_beta_proteasome|13459|13876|2040|2897|cluster-1|t1pks-nrps|1-25783|10562	1	415	263	414	417	0.0
KP830094|SalI_beta_proteasome|17001|17415|25854|26708|cluster-1|t1pks-nrps|1-37516|8439	CP000667|SalI_beta_proteasome|1151298|1151717|1144517|1145353|cluster-1|transatpks-t1pks-nrps|1131285-1181131|5945	1	419	173	414	419	9e-91
KP830094|SalI_beta_proteasome|17001|17415|25854|26708|cluster-1|t1pks-nrps|1-37516|8439	AJ871581|rubR1_TIF|8427|8852|4268|4492|cluster-1|aminocoumarin-t1pks-nrps|1-105657|3935	1	421	175	414	425	1e-88
KP830094|SalI_beta_proteasome|17001|17415|25854|26708|cluster-1|t1pks-nrps|1-37516|8439	KQ949024|SalI_beta_proteasome|658027|658446|664301|665146|cluster-6|transatpks-t1pks-nrps|607929-695233|5855	1	415	177	414	419	5e-86
KP830094|SalI_beta_proteasome|17001|17415|25854|26708|cluster-1|t1pks-nrps|1-37516|8439	KT362046|borI_Thr-tRNA-syn|45548|45969|57935|59962|cluster-1|t1pks|1-63657|11966	1	421	184	414	421	3e-81
KP830094|SalI_beta_proteasome|17001|17415|25854|26708|cluster-1|t1pks-nrps|1-37516|8439	JPRX01000001|mupM_Ile-tRNA-syn|1126232|1126663|1122028|1125120|cluster-1|hserlactone-transatpks-otherks|1085078-1198411|1112	1	428	144	414	431	1e-59
KP830094|SalI_beta_proteasome|17001|17415|25854|26708|cluster-1|t1pks-nrps|1-37516|8439	FN689524|mupM_Ile-tRNA-syn|21295|21726|16377|19523|cluster-1|nrps-transatpks-otherks|1265-97600|1772	1	430	117	414	431	6e-46
KP830094|SalI_beta_proteasome|17001|17415|25854|26708|cluster-1|t1pks-nrps|1-37516|8439	JXDG01000003|BatG_FabI|331023|331246|336894|338084|cluster-1|transatpks-otherks-nrps|264229-352095|5648	1	220	69	414	223	2e-19
KP830094|SalI_beta_proteasome|17001|17415|25854|26708|cluster-1|t1pks-nrps|1-37516|8439	KB913022|PtmP3_FabB-F|4662651|4662992|4662589|4663809|cluster-1|t1pks-nrps|4629292-4679066|403	5	341	104	414	341	1e-14
KP830094|SalI_beta_proteasome|17001|17415|25854|26708|cluster-1|t1pks-nrps|1-37516|8439	KE354369|PtmP3_FabB-F|27540|27879|27505|28638|cluster-1|t1pks-nrps|1-31725|374	4	339	102	414	339	2e-13
KF647220|SalI_beta_proteasome|13459|13876|2040|2897|cluster-1|t1pks-nrps|1-25783|10562	KF647220|SalI_beta_proteasome|13459|13876|2040|2897|cluster-1|t1pks-nrps|1-25783|10562	1	417	417	417	417	0.0
KF647220|SalI_beta_proteasome|13459|13876|2040|2897|cluster-1|t1pks-nrps|1-25783|10562	KP830094|SalI_beta_proteasome|17001|17415|25854|26708|cluster-1|t1pks-nrps|1-37516|8439	1	413	263	417	414	0.0
KF647220|SalI_beta_proteasome|13459|13876|2040|2897|cluster-1|t1pks-nrps|1-25783|10562	AJ871581|rubR1_TIF|8427|8852|4268|4492|cluster-1|aminocoumarin-t1pks-nrps|1-105657|3935	1	425	178	417	425	2e-93
KF647220|SalI_beta_proteasome|13459|13876|2040|2897|cluster-1|t1pks-nrps|1-25783|10562	CP000667|SalI_beta_proteasome|1151298|1151717|1144517|1145353|cluster-1|transatpks-t1pks-nrps|1131285-1181131|5945	1	418	163	417	419	3e-92
KF647220|SalI_beta_proteasome|13459|13876|2040|2897|cluster-1|t1pks-nrps|1-25783|10562	KQ949024|SalI_beta_proteasome|658027|658446|664301|665146|cluster-6|transatpks-t1pks-nrps|607929-695233|5855	1	418	178	417	419	1e-88
KF647220|SalI_beta_proteasome|13459|13876|2040|2897|cluster-1|t1pks-nrps|1-25783|10562	KT362046|borI_Thr-tRNA-syn|45548|45969|57935|59962|cluster-1|t1pks|1-63657|11966	1	419	175	417	421	4e-79
KF647220|SalI_beta_proteasome|13459|13876|2040|2897|cluster-1|t1pks-nrps|1-25783|10562	JPRX01000001|mupM_Ile-tRNA-syn|1126232|1126663|1122028|1125120|cluster-1|hserlactone-transatpks-otherks|1085078-1198411|1112	1	430	138	417	431	3e-66
KF647220|SalI_beta_proteasome|13459|13876|2040|2897|cluster-1|t1pks-nrps|1-25783|10562	FN689524|mupM_Ile-tRNA-syn|21295|21726|16377|19523|cluster-1|nrps-transatpks-otherks|1265-97600|1772	1	431	129	417	431	3e-51
KF647220|SalI_beta_proteasome|13459|13876|2040|2897|cluster-1|t1pks-nrps|1-25783|10562	JXDG01000003|BatG_FabI|331023|331246|336894|338084|cluster-1|transatpks-otherks-nrps|264229-352095|5648	1	220	68	417	223	5e-23
KF647220|SalI_beta_proteasome|13459|13876|2040|2897|cluster-1|t1pks-nrps|1-25783|10562	KB913022|PtmP3_FabB-F|4662651|4662992|4662589|4663809|cluster-1|t1pks-nrps|4629292-4679066|403	5	341	102	417	341	2e-15
KF647220|SalI_beta_proteasome|13459|13876|2040|2897|cluster-1|t1pks-nrps|1-25783|10562	KE354369|PtmP3_FabB-F|27540|27879|27505|28638|cluster-1|t1pks-nrps|1-31725|374	82	339	89	417	339	9e-13
JXDG01000003|BatG_FabI|331023|331246|336894|338084|cluster-1|transatpks-otherks-nrps|264229-352095|5648	JXDG01000003|BatG_FabI|331023|331246|336894|338084|cluster-1|transatpks-otherks-nrps|264229-352095|5648	1	223	223	223	223	5e-167
JXDG01000003|BatG_FabI|331023|331246|336894|338084|cluster-1|transatpks-otherks-nrps|264229-352095|5648	KF647220|SalI_beta_proteasome|13459|13876|2040|2897|cluster-1|t1pks-nrps|1-25783|10562	148	369	68	223	417	3e-23
JXDG01000003|BatG_FabI|331023|331246|336894|338084|cluster-1|transatpks-otherks-nrps|264229-352095|5648	AJ871581|rubR1_TIF|8427|8852|4268|4492|cluster-1|aminocoumarin-t1pks-nrps|1-105657|3935	157	376	70	223	425	1e-20
JXDG01000003|BatG_FabI|331023|331246|336894|338084|cluster-1|transatpks-otherks-nrps|264229-352095|5648	KB913022|PtmP3_FabB-F|4662651|4662992|4662589|4663809|cluster-1|t1pks-nrps|4629292-4679066|403	87	302	65	223	341	1e-19
JXDG01000003|BatG_FabI|331023|331246|336894|338084|cluster-1|transatpks-otherks-nrps|264229-352095|5648	KP830094|SalI_beta_proteasome|17001|17415|25854|26708|cluster-1|t1pks-nrps|1-37516|8439	146	367	69	223	414	1e-19
JXDG01000003|BatG_FabI|331023|331246|336894|338084|cluster-1|transatpks-otherks-nrps|264229-352095|5648	KQ949024|SalI_beta_proteasome|658027|658446|664301|665146|cluster-6|transatpks-t1pks-nrps|607929-695233|5855	152	371	66	223	419	3e-17
JXDG01000003|BatG_FabI|331023|331246|336894|338084|cluster-1|transatpks-otherks-nrps|264229-352095|5648	KT362046|borI_Thr-tRNA-syn|45548|45969|57935|59962|cluster-1|t1pks|1-63657|11966	153	372	75	223	421	1e-13
JXDG01000003|BatG_FabI|331023|331246|336894|338084|cluster-1|transatpks-otherks-nrps|264229-352095|5648	KE354369|PtmP3_FabB-F|27540|27879|27505|28638|cluster-1|t1pks-nrps|1-31725|374	86	271	53	223	339	2e-13
JXDG01000003|BatG_FabI|331023|331246|336894|338084|cluster-1|transatpks-otherks-nrps|264229-352095|5648	CP000667|SalI_beta_proteasome|1151298|1151717|1144517|1145353|cluster-1|transatpks-t1pks-nrps|1131285-1181131|5945	154	368	64	223	419	3e-09
JXDG01000003|BatG_FabI|331023|331246|336894|338084|cluster-1|transatpks-otherks-nrps|264229-352095|5648	JPRX01000001|mupM_Ile-tRNA-syn|1126232|1126663|1122028|1125120|cluster-1|hserlactone-transatpks-otherks|1085078-1198411|1112	227	375	42	223	431	3e-09
JXDG01000003|BatG_FabI|331023|331246|336894|338084|cluster-1|transatpks-otherks-nrps|264229-352095|5648	FN689524|mupM_Ile-tRNA-syn|21295|21726|16377|19523|cluster-1|nrps-transatpks-otherks|1265-97600|1772	159	383	50	223	431	6e-09
CP000667|SalI_beta_proteasome|1151298|1151717|1144517|1145353|cluster-1|transatpks-t1pks-nrps|1131285-1181131|5945	CP000667|SalI_beta_proteasome|1151298|1151717|1144517|1145353|cluster-1|transatpks-t1pks-nrps|1131285-1181131|5945	1	419	419	419	419	0.0
CP000667|SalI_beta_proteasome|1151298|1151717|1144517|1145353|cluster-1|transatpks-t1pks-nrps|1131285-1181131|5945	KF647220|SalI_beta_proteasome|13459|13876|2040|2897|cluster-1|t1pks-nrps|1-25783|10562	1	415	163	419	417	3e-92
CP000667|SalI_beta_proteasome|1151298|1151717|1144517|1145353|cluster-1|transatpks-t1pks-nrps|1131285-1181131|5945	KP830094|SalI_beta_proteasome|17001|17415|25854|26708|cluster-1|t1pks-nrps|1-37516|8439	1	414	173	419	414	1e-90
CP000667|SalI_beta_proteasome|1151298|1151717|1144517|1145353|cluster-1|transatpks-t1pks-nrps|1131285-1181131|5945	KQ949024|SalI_beta_proteasome|658027|658446|664301|665146|cluster-6|transatpks-t1pks-nrps|607929-695233|5855	1	418	158	419	419	5e-72
CP000667|SalI_beta_proteasome|1151298|1151717|1144517|1145353|cluster-1|transatpks-t1pks-nrps|1131285-1181131|5945	AJ871581|rubR1_TIF|8427|8852|4268|4492|cluster-1|aminocoumarin-t1pks-nrps|1-105657|3935	1	423	132	419	425	4e-57
CP000667|SalI_beta_proteasome|1151298|1151717|1144517|1145353|cluster-1|transatpks-t1pks-nrps|1131285-1181131|5945	KT362046|borI_Thr-tRNA-syn|45548|45969|57935|59962|cluster-1|t1pks|1-63657|11966	1	421	146	419	421	6e-54
CP000667|SalI_beta_proteasome|1151298|1151717|1144517|1145353|cluster-1|transatpks-t1pks-nrps|1131285-1181131|5945	JPRX01000001|mupM_Ile-tRNA-syn|1126232|1126663|1122028|1125120|cluster-1|hserlactone-transatpks-otherks|1085078-1198411|1112	1	429	124	419	431	4e-51
CP000667|SalI_beta_proteasome|1151298|1151717|1144517|1145353|cluster-1|transatpks-t1pks-nrps|1131285-1181131|5945	FN689524|mupM_Ile-tRNA-syn|21295|21726|16377|19523|cluster-1|nrps-transatpks-otherks|1265-97600|1772	1	431	113	419	431	1e-41
CP000667|SalI_beta_proteasome|1151298|1151717|1144517|1145353|cluster-1|transatpks-t1pks-nrps|1131285-1181131|5945	KB913022|PtmP3_FabB-F|4662651|4662992|4662589|4663809|cluster-1|t1pks-nrps|4629292-4679066|403	33	341	90	419	341	1e-09
CP000667|SalI_beta_proteasome|1151298|1151717|1144517|1145353|cluster-1|transatpks-t1pks-nrps|1131285-1181131|5945	JXDG01000003|BatG_FabI|331023|331246|336894|338084|cluster-1|transatpks-otherks-nrps|264229-352095|5648	2	217	64	419	223	5e-09
CP000667|SalI_beta_proteasome|1151298|1151717|1144517|1145353|cluster-1|transatpks-t1pks-nrps|1131285-1181131|5945	KE354369|PtmP3_FabB-F|27540|27879|27505|28638|cluster-1|t1pks-nrps|1-31725|374	13	339	100	419	339	2e-07
FN689524|mupM_Ile-tRNA-syn|21295|21726|16377|19523|cluster-1|nrps-transatpks-otherks|1265-97600|1772	FN689524|mupM_Ile-tRNA-syn|21295|21726|16377|19523|cluster-1|nrps-transatpks-otherks|1265-97600|1772	1	431	431	431	431	0.0
FN689524|mupM_Ile-tRNA-syn|21295|21726|16377|19523|cluster-1|nrps-transatpks-otherks|1265-97600|1772	JPRX01000001|mupM_Ile-tRNA-syn|1126232|1126663|1122028|1125120|cluster-1|hserlactone-transatpks-otherks|1085078-1198411|1112	1	429	148	431	431	1e-81
FN689524|mupM_Ile-tRNA-syn|21295|21726|16377|19523|cluster-1|nrps-transatpks-otherks|1265-97600|1772	KQ949024|SalI_beta_proteasome|658027|658446|664301|665146|cluster-6|transatpks-t1pks-nrps|607929-695233|5855	1	417	142	431	419	2e-77
FN689524|mupM_Ile-tRNA-syn|21295|21726|16377|19523|cluster-1|nrps-transatpks-otherks|1265-97600|1772	AJ871581|rubR1_TIF|8427|8852|4268|4492|cluster-1|aminocoumarin-t1pks-nrps|1-105657|3935	1	422	134	431	425	1e-66
FN689524|mupM_Ile-tRNA-syn|21295|21726|16377|19523|cluster-1|nrps-transatpks-otherks|1265-97600|1772	KT362046|borI_Thr-tRNA-syn|45548|45969|57935|59962|cluster-1|t1pks|1-63657|11966	1	419	143	431	421	8e-63
FN689524|mupM_Ile-tRNA-syn|21295|21726|16377|19523|cluster-1|nrps-transatpks-otherks|1265-97600|1772	KF647220|SalI_beta_proteasome|13459|13876|2040|2897|cluster-1|t1pks-nrps|1-25783|10562	1	414	129	431	417	4e-51
FN689524|mupM_Ile-tRNA-syn|21295|21726|16377|19523|cluster-1|nrps-transatpks-otherks|1265-97600|1772	KP830094|SalI_beta_proteasome|17001|17415|25854|26708|cluster-1|t1pks-nrps|1-37516|8439	1	411	117	431	414	6e-46
FN689524|mupM_Ile-tRNA-syn|21295|21726|16377|19523|cluster-1|nrps-transatpks-otherks|1265-97600|1772	CP000667|SalI_beta_proteasome|1151298|1151717|1144517|1145353|cluster-1|transatpks-t1pks-nrps|1131285-1181131|5945	1	417	113	431	419	1e-41
FN689524|mupM_Ile-tRNA-syn|21295|21726|16377|19523|cluster-1|nrps-transatpks-otherks|1265-97600|1772	JXDG01000003|BatG_FabI|331023|331246|336894|338084|cluster-1|transatpks-otherks-nrps|264229-352095|5648	2	218	50	431	223	1e-08
FN689524|mupM_Ile-tRNA-syn|21295|21726|16377|19523|cluster-1|nrps-transatpks-otherks|1265-97600|1772	KE354369|PtmP3_FabB-F|27540|27879|27505|28638|cluster-1|t1pks-nrps|1-31725|374	99	272	42	431	339	6e-07
FN689524|mupM_Ile-tRNA-syn|21295|21726|16377|19523|cluster-1|nrps-transatpks-otherks|1265-97600|1772	KB913022|PtmP3_FabB-F|4662651|4662992|4662589|4663809|cluster-1|t1pks-nrps|4629292-4679066|403	98	341	54	431	341	5e-05
KB913022|PtmP3_FabB-F|4662651|4662992|4662589|4663809|cluster-1|t1pks-nrps|4629292-4679066|403	KB913022|PtmP3_FabB-F|4662651|4662992|4662589|4663809|cluster-1|t1pks-nrps|4629292-4679066|403	1	341	341	341	341	0.0
KB913022|PtmP3_FabB-F|4662651|4662992|4662589|4663809|cluster-1|t1pks-nrps|4629292-4679066|403	KE354369|PtmP3_FabB-F|27540|27879|27505|28638|cluster-1|t1pks-nrps|1-31725|374	2	339	266	341	339	5e-168
KB913022|PtmP3_FabB-F|4662651|4662992|4662589|4663809|cluster-1|t1pks-nrps|4629292-4679066|403	KQ949024|SalI_beta_proteasome|658027|658446|664301|665146|cluster-6|transatpks-t1pks-nrps|607929-695233|5855	71	415	105	341	419	1e-26
KB913022|PtmP3_FabB-F|4662651|4662992|4662589|4663809|cluster-1|t1pks-nrps|4629292-4679066|403	JXDG01000003|BatG_FabI|331023|331246|336894|338084|cluster-1|transatpks-otherks-nrps|264229-352095|5648	2	219	65	341	223	2e-25
KB913022|PtmP3_FabB-F|4662651|4662992|4662589|4663809|cluster-1|t1pks-nrps|4629292-4679066|403	KF647220|SalI_beta_proteasome|13459|13876|2040|2897|cluster-1|t1pks-nrps|1-25783|10562	77	413	104	341	417	8e-22
KB913022|PtmP3_FabB-F|4662651|4662992|4662589|4663809|cluster-1|t1pks-nrps|4629292-4679066|403	KP830094|SalI_beta_proteasome|17001|17415|25854|26708|cluster-1|t1pks-nrps|1-37516|8439	73	411	106	341	414	8e-21
KB913022|PtmP3_FabB-F|4662651|4662992|4662589|4663809|cluster-1|t1pks-nrps|4629292-4679066|403	AJ871581|rubR1_TIF|8427|8852|4268|4492|cluster-1|aminocoumarin-t1pks-nrps|1-105657|3935	79	421	104	341	425	5e-19
KB913022|PtmP3_FabB-F|4662651|4662992|4662589|4663809|cluster-1|t1pks-nrps|4629292-4679066|403	CP000667|SalI_beta_proteasome|1151298|1151717|1144517|1145353|cluster-1|transatpks-t1pks-nrps|1131285-1181131|5945	99	416	90	341	419	1e-15
KB913022|PtmP3_FabB-F|4662651|4662992|4662589|4663809|cluster-1|t1pks-nrps|4629292-4679066|403	JPRX01000001|mupM_Ile-tRNA-syn|1126232|1126663|1122028|1125120|cluster-1|hserlactone-transatpks-otherks|1085078-1198411|1112	77	381	79	341	431	3e-13
KB913022|PtmP3_FabB-F|4662651|4662992|4662589|4663809|cluster-1|t1pks-nrps|4629292-4679066|403	KT362046|borI_Thr-tRNA-syn|45548|45969|57935|59962|cluster-1|t1pks|1-63657|11966	149	418	83	341	421	2e-12
KB913022|PtmP3_FabB-F|4662651|4662992|4662589|4663809|cluster-1|t1pks-nrps|4629292-4679066|403	FN689524|mupM_Ile-tRNA-syn|21295|21726|16377|19523|cluster-1|nrps-transatpks-otherks|1265-97600|1772	170	430	59	341	431	8e-09
