KT362046|borI_Thr-tRNA-syn|45548|45969|57935|59962|cluster-1|t1pks|1-63657|11966	KT362046|borI_Thr-tRNA-syn|45548|45969|57935|59962|cluster-1|t1pks|1-63657|11966	1	675	675	675	675	0.0
JPRX01000001|mupM_Ile-tRNA-syn|1126232|1126663|1122028|1125120|cluster-1|hserlactone-transatpks-otherks|1085078-1198411|1112	JPRX01000001|mupM_Ile-tRNA-syn|1126232|1126663|1122028|1125120|cluster-1|hserlactone-transatpks-otherks|1085078-1198411|1112	1	1030	1030	1030	1030	0.0
JPRX01000001|mupM_Ile-tRNA-syn|1126232|1126663|1122028|1125120|cluster-1|hserlactone-transatpks-otherks|1085078-1198411|1112	FN689524|mupM_Ile-tRNA-syn|21295|21726|16377|19523|cluster-1|nrps-transatpks-otherks|1265-97600|1772	15	1024	403	1030	1048	0.0
KE354369|PtmP3_FabB-F|27540|27879|27505|28638|cluster-1|t1pks-nrps|1-31725|374	KE354369|PtmP3_FabB-F|27540|27879|27505|28638|cluster-1|t1pks-nrps|1-31725|374	1	377	377	377	377	0.0
KE354369|PtmP3_FabB-F|27540|27879|27505|28638|cluster-1|t1pks-nrps|1-31725|374	FN689524|mupM_Ile-tRNA-syn|21295|21726|16377|19523|cluster-1|nrps-transatpks-otherks|1265-97600|1772	947	1035	22	377	1048	0.098
AJ871581|rubR1_TIF|8427|8852|4268|4492|cluster-1|aminocoumarin-t1pks-nrps|1-105657|3935	AJ871581|rubR1_TIF|8427|8852|4268|4492|cluster-1|aminocoumarin-t1pks-nrps|1-105657|3935	1	74	74	74	74	2e-51
AJ871581|rubR1_TIF|8427|8852|4268|4492|cluster-1|aminocoumarin-t1pks-nrps|1-105657|3935	KT362046|borI_Thr-tRNA-syn|45548|45969|57935|59962|cluster-1|t1pks|1-63657|11966	649	659	6	74	675	0.83
KQ949024|SalI_beta_proteasome|658027|658446|664301|665146|cluster-6|transatpks-t1pks-nrps|607929-695233|5855	KQ949024|SalI_beta_proteasome|658027|658446|664301|665146|cluster-6|transatpks-t1pks-nrps|607929-695233|5855	1	281	281	281	281	0.0
KQ949024|SalI_beta_proteasome|658027|658446|664301|665146|cluster-6|transatpks-t1pks-nrps|607929-695233|5855	KF647220|SalI_beta_proteasome|13459|13876|2040|2897|cluster-1|t1pks-nrps|1-25783|10562	14	285	173	281	285	1e-118
KQ949024|SalI_beta_proteasome|658027|658446|664301|665146|cluster-6|transatpks-t1pks-nrps|607929-695233|5855	KP830094|SalI_beta_proteasome|17001|17415|25854|26708|cluster-1|t1pks-nrps|1-37516|8439	14	278	134	281	284	4e-89
KQ949024|SalI_beta_proteasome|658027|658446|664301|665146|cluster-6|transatpks-t1pks-nrps|607929-695233|5855	CP000667|SalI_beta_proteasome|1151298|1151717|1144517|1145353|cluster-1|transatpks-t1pks-nrps|1131285-1181131|5945	14	253	113	281	278	3e-69
KP830094|SalI_beta_proteasome|17001|17415|25854|26708|cluster-1|t1pks-nrps|1-37516|8439	KP830094|SalI_beta_proteasome|17001|17415|25854|26708|cluster-1|t1pks-nrps|1-37516|8439	1	284	284	284	284	0.0
KP830094|SalI_beta_proteasome|17001|17415|25854|26708|cluster-1|t1pks-nrps|1-37516|8439	KQ949024|SalI_beta_proteasome|658027|658446|664301|665146|cluster-6|transatpks-t1pks-nrps|607929-695233|5855	13	277	134	284	281	4e-89
KP830094|SalI_beta_proteasome|17001|17415|25854|26708|cluster-1|t1pks-nrps|1-37516|8439	KF647220|SalI_beta_proteasome|13459|13876|2040|2897|cluster-1|t1pks-nrps|1-25783|10562	3	285	142	284	285	2e-83
KP830094|SalI_beta_proteasome|17001|17415|25854|26708|cluster-1|t1pks-nrps|1-37516|8439	CP000667|SalI_beta_proteasome|1151298|1151717|1144517|1145353|cluster-1|transatpks-t1pks-nrps|1131285-1181131|5945	9	254	117	284	278	3e-75
KF647220|SalI_beta_proteasome|13459|13876|2040|2897|cluster-1|t1pks-nrps|1-25783|10562	KF647220|SalI_beta_proteasome|13459|13876|2040|2897|cluster-1|t1pks-nrps|1-25783|10562	1	285	285	285	285	0.0
KF647220|SalI_beta_proteasome|13459|13876|2040|2897|cluster-1|t1pks-nrps|1-25783|10562	KQ949024|SalI_beta_proteasome|658027|658446|664301|665146|cluster-6|transatpks-t1pks-nrps|607929-695233|5855	14	281	173	285	281	3e-128
KF647220|SalI_beta_proteasome|13459|13876|2040|2897|cluster-1|t1pks-nrps|1-25783|10562	KP830094|SalI_beta_proteasome|17001|17415|25854|26708|cluster-1|t1pks-nrps|1-37516|8439	4	282	142	285	284	7e-92
KF647220|SalI_beta_proteasome|13459|13876|2040|2897|cluster-1|t1pks-nrps|1-25783|10562	CP000667|SalI_beta_proteasome|1151298|1151717|1144517|1145353|cluster-1|transatpks-t1pks-nrps|1131285-1181131|5945	5	254	132	285	278	4e-83
JXDG01000003|BatG_FabI|331023|331246|336894|338084|cluster-1|transatpks-otherks-nrps|264229-352095|5648	JXDG01000003|BatG_FabI|331023|331246|336894|338084|cluster-1|transatpks-otherks-nrps|264229-352095|5648	1	396	396	396	396	0.0
CP000667|SalI_beta_proteasome|1151298|1151717|1144517|1145353|cluster-1|transatpks-t1pks-nrps|1131285-1181131|5945	CP000667|SalI_beta_proteasome|1151298|1151717|1144517|1145353|cluster-1|transatpks-t1pks-nrps|1131285-1181131|5945	1	278	278	278	278	0.0
CP000667|SalI_beta_proteasome|1151298|1151717|1144517|1145353|cluster-1|transatpks-t1pks-nrps|1131285-1181131|5945	KF647220|SalI_beta_proteasome|13459|13876|2040|2897|cluster-1|t1pks-nrps|1-25783|10562	10	280	130	278	285	7e-79
CP000667|SalI_beta_proteasome|1151298|1151717|1144517|1145353|cluster-1|transatpks-t1pks-nrps|1131285-1181131|5945	KP830094|SalI_beta_proteasome|17001|17415|25854|26708|cluster-1|t1pks-nrps|1-37516|8439	15	279	125	278	284	3e-78
CP000667|SalI_beta_proteasome|1151298|1151717|1144517|1145353|cluster-1|transatpks-t1pks-nrps|1131285-1181131|5945	KQ949024|SalI_beta_proteasome|658027|658446|664301|665146|cluster-6|transatpks-t1pks-nrps|607929-695233|5855	19	270	116	278	281	5e-71
FN689524|mupM_Ile-tRNA-syn|21295|21726|16377|19523|cluster-1|nrps-transatpks-otherks|1265-97600|1772	FN689524|mupM_Ile-tRNA-syn|21295|21726|16377|19523|cluster-1|nrps-transatpks-otherks|1265-97600|1772	1	1048	1048	1048	1048	0.0
FN689524|mupM_Ile-tRNA-syn|21295|21726|16377|19523|cluster-1|nrps-transatpks-otherks|1265-97600|1772	JPRX01000001|mupM_Ile-tRNA-syn|1126232|1126663|1122028|1125120|cluster-1|hserlactone-transatpks-otherks|1085078-1198411|1112	11	1003	403	1048	1030	0.0
